<?xml version="1.0" encoding="UTF-8"?>
<!-- Generated by org.testng.reporters.JUnitReportReporter -->
<testsuite hostname="MacBook-Pro.local" failures="0" tests="1" name="Test.AndroidTest" time="0.007" errors="0" timestamp="2021-12-15T13:26:17 EST" skipped="0">
  <testcase classname="Test.AndroidTest" name="firstAndroid" time="0.007"/>
  <system-out/>
</testsuite> <!-- Test.AndroidTest -->
