<?xml version="1.0" encoding="UTF-8"?>
<!-- Generated by org.testng.reporters.JUnitReportReporter -->
<testsuite hostname="MacBook-Pro.local" failures="0" tests="1" name="Udemy.Shetty.NewTest" time="0.012" errors="0" timestamp="2021-12-15T13:25:14 EST" skipped="0">
  <testcase classname="Udemy.Shetty.NewTest" name="f" time="0.012"/>
  <system-out/>
</testsuite> <!-- Udemy.Shetty.NewTest -->
