<?xml version="1.0" encoding="UTF-8"?>
<!-- Generated by org.testng.reporters.JUnitReportReporter -->
<testsuite hostname="MacBook-Pro.local" failures="0" tests="1" name="Test.APITest" time="0.001" errors="0" timestamp="2021-12-15T13:26:17 EST" skipped="0">
  <testcase classname="Test.APITest" name="firstAPI" time="0.001"/>
  <system-out/>
</testsuite> <!-- Test.APITest -->
